2026-01-26T21:27:42: Browserslist: browsers data (caniuse-lite) is 8 months old. Please run:
2026-01-26T21:27:42:   npx update-browserslist-db@latest
2026-01-26T21:27:42:   Why you should do it regularly: https://github.com/browserslist/update-db#readme
2026-01-26T21:27:42: (node:18) [DEP_WEBPACK_DEV_SERVER_ON_AFTER_SETUP_MIDDLEWARE] DeprecationWarning: 'onAfterSetupMiddleware' option is deprecated. Please use the 'setupMiddlewares' option.
2026-01-26T21:27:42: (Use `node --trace-deprecation ...` to show where the warning was created)
2026-01-26T21:27:42: (node:18) [DEP_WEBPACK_DEV_SERVER_ON_BEFORE_SETUP_MIDDLEWARE] DeprecationWarning: 'onBeforeSetupMiddleware' option is deprecated. Please use the 'setupMiddlewares' option.
2026-01-26T22:48:44: Browserslist: browsers data (caniuse-lite) is 8 months old. Please run:
2026-01-26T22:48:44:   npx update-browserslist-db@latest
2026-01-26T22:48:44:   Why you should do it regularly: https://github.com/browserslist/update-db#readme
2026-01-26T22:48:45: (node:18) [DEP_WEBPACK_DEV_SERVER_ON_AFTER_SETUP_MIDDLEWARE] DeprecationWarning: 'onAfterSetupMiddleware' option is deprecated. Please use the 'setupMiddlewares' option.
2026-01-26T22:48:45: (Use `node --trace-deprecation ...` to show where the warning was created)
2026-01-26T22:48:45: (node:18) [DEP_WEBPACK_DEV_SERVER_ON_BEFORE_SETUP_MIDDLEWARE] DeprecationWarning: 'onBeforeSetupMiddleware' option is deprecated. Please use the 'setupMiddlewares' option.
2026-01-26T22:49:04: Browserslist: browsers data (caniuse-lite) is 8 months old. Please run:
2026-01-26T22:49:04:   npx update-browserslist-db@latest
2026-01-26T22:49:04:   Why you should do it regularly: https://github.com/browserslist/update-db#readme
2026-01-26T22:49:05: (node:18) [DEP_WEBPACK_DEV_SERVER_ON_AFTER_SETUP_MIDDLEWARE] DeprecationWarning: 'onAfterSetupMiddleware' option is deprecated. Please use the 'setupMiddlewares' option.
2026-01-26T22:49:05: (Use `node --trace-deprecation ...` to show where the warning was created)
2026-01-26T22:49:05: (node:18) [DEP_WEBPACK_DEV_SERVER_ON_BEFORE_SETUP_MIDDLEWARE] DeprecationWarning: 'onBeforeSetupMiddleware' option is deprecated. Please use the 'setupMiddlewares' option.
2026-01-26T22:59:54: Browserslist: browsers data (caniuse-lite) is 8 months old. Please run:
2026-01-26T22:59:54:   npx update-browserslist-db@latest
2026-01-26T22:59:54:   Why you should do it regularly: https://github.com/browserslist/update-db#readme
2026-01-26T22:59:54: (node:18) [DEP_WEBPACK_DEV_SERVER_ON_AFTER_SETUP_MIDDLEWARE] DeprecationWarning: 'onAfterSetupMiddleware' option is deprecated. Please use the 'setupMiddlewares' option.
2026-01-26T22:59:54: (Use `node --trace-deprecation ...` to show where the warning was created)
2026-01-26T22:59:54: (node:18) [DEP_WEBPACK_DEV_SERVER_ON_BEFORE_SETUP_MIDDLEWARE] DeprecationWarning: 'onBeforeSetupMiddleware' option is deprecated. Please use the 'setupMiddlewares' option.
2026-01-28T02:21:18: Browserslist: browsers data (caniuse-lite) is 8 months old. Please run:
2026-01-28T02:21:18:   npx update-browserslist-db@latest
2026-01-28T02:21:18:   Why you should do it regularly: https://github.com/browserslist/update-db#readme
2026-01-28T02:21:18: (node:18) [DEP_WEBPACK_DEV_SERVER_ON_AFTER_SETUP_MIDDLEWARE] DeprecationWarning: 'onAfterSetupMiddleware' option is deprecated. Please use the 'setupMiddlewares' option.
2026-01-28T02:21:18: (Use `node --trace-deprecation ...` to show where the warning was created)
2026-01-28T02:21:18: (node:18) [DEP_WEBPACK_DEV_SERVER_ON_BEFORE_SETUP_MIDDLEWARE] DeprecationWarning: 'onBeforeSetupMiddleware' option is deprecated. Please use the 'setupMiddlewares' option.
2026-01-28T02:29:59: Browserslist: browsers data (caniuse-lite) is 8 months old. Please run:
2026-01-28T02:29:59:   npx update-browserslist-db@latest
2026-01-28T02:29:59:   Why you should do it regularly: https://github.com/browserslist/update-db#readme
2026-01-28T02:29:59: (node:18) [DEP_WEBPACK_DEV_SERVER_ON_AFTER_SETUP_MIDDLEWARE] DeprecationWarning: 'onAfterSetupMiddleware' option is deprecated. Please use the 'setupMiddlewares' option.
2026-01-28T02:29:59: (Use `node --trace-deprecation ...` to show where the warning was created)
2026-01-28T02:29:59: (node:18) [DEP_WEBPACK_DEV_SERVER_ON_BEFORE_SETUP_MIDDLEWARE] DeprecationWarning: 'onBeforeSetupMiddleware' option is deprecated. Please use the 'setupMiddlewares' option.
2026-01-28T03:32:18: Browserslist: browsers data (caniuse-lite) is 8 months old. Please run:
2026-01-28T03:32:18:   npx update-browserslist-db@latest
2026-01-28T03:32:18:   Why you should do it regularly: https://github.com/browserslist/update-db#readme
2026-01-28T03:32:18: (node:18) [DEP_WEBPACK_DEV_SERVER_ON_AFTER_SETUP_MIDDLEWARE] DeprecationWarning: 'onAfterSetupMiddleware' option is deprecated. Please use the 'setupMiddlewares' option.
2026-01-28T03:32:18: (Use `node --trace-deprecation ...` to show where the warning was created)
2026-01-28T03:32:18: (node:18) [DEP_WEBPACK_DEV_SERVER_ON_BEFORE_SETUP_MIDDLEWARE] DeprecationWarning: 'onBeforeSetupMiddleware' option is deprecated. Please use the 'setupMiddlewares' option.
2026-01-28T03:33:22: Browserslist: browsers data (caniuse-lite) is 8 months old. Please run:
2026-01-28T03:33:22:   npx update-browserslist-db@latest
2026-01-28T03:33:22:   Why you should do it regularly: https://github.com/browserslist/update-db#readme
2026-01-28T03:33:23: (node:19) [DEP_WEBPACK_DEV_SERVER_ON_AFTER_SETUP_MIDDLEWARE] DeprecationWarning: 'onAfterSetupMiddleware' option is deprecated. Please use the 'setupMiddlewares' option.
2026-01-28T03:33:23: (Use `node --trace-deprecation ...` to show where the warning was created)
2026-01-28T03:33:23: (node:19) [DEP_WEBPACK_DEV_SERVER_ON_BEFORE_SETUP_MIDDLEWARE] DeprecationWarning: 'onBeforeSetupMiddleware' option is deprecated. Please use the 'setupMiddlewares' option.
2026-02-19T22:29:29: Browserslist: browsers data (caniuse-lite) is 9 months old. Please run:
2026-02-19T22:29:29:   npx update-browserslist-db@latest
2026-02-19T22:29:29:   Why you should do it regularly: https://github.com/browserslist/update-db#readme
2026-02-19T22:29:30: (node:17) [DEP_WEBPACK_DEV_SERVER_ON_AFTER_SETUP_MIDDLEWARE] DeprecationWarning: 'onAfterSetupMiddleware' option is deprecated. Please use the 'setupMiddlewares' option.
2026-02-19T22:29:30: (Use `node --trace-deprecation ...` to show where the warning was created)
2026-02-19T22:29:30: (node:17) [DEP_WEBPACK_DEV_SERVER_ON_BEFORE_SETUP_MIDDLEWARE] DeprecationWarning: 'onBeforeSetupMiddleware' option is deprecated. Please use the 'setupMiddlewares' option.
2026-02-19T22:29:51: Browserslist: browsers data (caniuse-lite) is 9 months old. Please run:
2026-02-19T22:29:51:   npx update-browserslist-db@latest
2026-02-19T22:29:51:   Why you should do it regularly: https://github.com/browserslist/update-db#readme
2026-02-19T22:29:52: (node:18) [DEP_WEBPACK_DEV_SERVER_ON_AFTER_SETUP_MIDDLEWARE] DeprecationWarning: 'onAfterSetupMiddleware' option is deprecated. Please use the 'setupMiddlewares' option.
2026-02-19T22:29:52: (Use `node --trace-deprecation ...` to show where the warning was created)
2026-02-19T22:29:52: (node:18) [DEP_WEBPACK_DEV_SERVER_ON_BEFORE_SETUP_MIDDLEWARE] DeprecationWarning: 'onBeforeSetupMiddleware' option is deprecated. Please use the 'setupMiddlewares' option.
